============================================================
  Generated by:           Genus(TM) Synthesis Solution 23.13-s073_1
  Generated on:           Mar 18 2025  05:54:48 pm
  Module:                 filter
  Operating conditions:   TT_1P00V_85C (balanced_tree)
  Wireload mode:          enclosed
  Area mode:              timing library
============================================================


Path 1: VIOLATED (-552 ps) Setup Check with Pin stage_reg[94][46]/CLK->D
          Group: clk
     Startpoint: (F) x_in[11]
          Clock: (R) clk
       Endpoint: (R) stage_reg[94][46]/D
          Clock: (R) clk

                     Capture       Launch     
        Clock Edge:+       1            0     
        Drv Adjust:+       0            0     
       Src Latency:+       0            0     
       Net Latency:+       0 (I)        0 (I) 
           Arrival:=       1            0     
                                              
             Setup:-      20                  
     Required Time:=     -18                  
      Launch Clock:-       0                  
       Input Delay:-     100                  
         Data Path:-     434                  
             Slack:=    -552                  

Exceptions/Constraints:
  input_delay             100             timing.sdc_line_2_20_1 

#----------------------------------------------------------------------------------------------------------------------------
#             Timing Point               Flags    Arc   Edge         Cell           Fanout Load Trans Delay Arrival Instance 
#                                                                                          (fF)  (ps)  (ps)   (ps)  Location 
#----------------------------------------------------------------------------------------------------------------------------
  x_in[11]                               -       -      F     (arrival)                 35 91.4     0     0     100    (-,-) 
  hi_fo_buf34842/Z                       -       CLK->Z R     CKIN_X1_9T_SG40RVT         2  3.0     7     6     106    (-,-) 
  hi_fo_buf34795/Z                       -       A->Z   F     IN_X1P5_9T_SG40RVT         4  5.9    11    11     116    (-,-) 
  hi_fo_buf34783/Z                       -       A->Z   R     IN_X1P5_9T_SG40RVT         4  5.4    10    10     127    (-,-) 
  hi_fo_buf34781/Z                       -       CLK->Z F     CKIN_X1_9T_SG40RVT         2  2.5     8     8     135    (-,-) 
  hi_fo_buf34780/Z                       -       CLK->Z R     CKIN_X1_9T_SG40RVT         2  3.0     8     8     143    (-,-) 
  hi_fo_buf34779/Z                       -       A->Z   F     IN_X1P5_9T_SG40RVT         4  6.4    12    12     155    (-,-) 
  hi_fo_buf34778/Z                       -       CLK->Z F     CKBF_X5_9T_SG40RVT         4  9.9     9    19     174    (-,-) 
  hi_fo_buf34777/Z                       -       CLK->Z R     CKIN_X1_9T_SG40RVT         2  3.0     8     8     182    (-,-) 
  hi_fo_buf34776/Z                       -       A->Z   F     IN_X1P5_9T_SG40RVT         3  6.4    12    12     194    (-,-) 
  csa_tree_mul_138_31_I8_g23670/Z        -       D0->Z  R     MX2I_X2_9T_SG40RVT         2  3.4    20    17     211    (-,-) 
  csa_tree_mul_138_31_I8_g22035/Z        -       A->Z   F     IN_X1P5_9T_SG40RVT         3  3.7    12    12     223    (-,-) 
  csa_tree_mul_138_31_I8_g23642/Z        -       D0->Z  R     MX2I_X2_9T_SG40RVT         2  2.4    18    15     238    (-,-) 
  csa_tree_mul_138_31_I8_g23586/Z        -       B->Z   R     AND2R_X1_9T_SG40RVT        1  2.1     8    19     257    (-,-) 
  csa_tree_mul_138_31_I8_g21184/Z        -       B->Z   F     NR2_X2_9T_SG40RVT          2  3.0     9     8     265    (-,-) 
  csa_tree_mul_138_31_I8_g21029/Z        -       A->Z   R     IN_X1_9T_SG40RVT           2  3.2    11    12     276    (-,-) 
  csa_tree_mul_138_31_I8_g20947/Z        -       A1->Z  F     OAI22_X1P5_9T_SG40RVT      2  3.0    16    14     291    (-,-) 
  csa_tree_mul_138_31_I8_g20935/Z        -       A->Z   R     IN_X1_9T_SG40RVT           1  1.8    10    11     301    (-,-) 
  csa_tree_mul_138_31_I8_g20890/Z        -       A2->Z  F     OAI22_X1P5_9T_SG40RVT      2  3.2    16    15     317    (-,-) 
  csa_tree_mul_138_31_I8_g20841/Z        -       CLK->Z R     CKIN_X2_9T_SG40RVT         2  4.0    10    10     326    (-,-) 
  csa_tree_mul_138_31_I8_g20827/Z        -       B->Z   F     NR2_X1P5_9T_SG40RVT        1  2.1     8     6     333    (-,-) 
  csa_tree_mul_138_31_I8_g20814/Z        -       A->Z   R     NR2_X2_9T_SG40RVT          2  2.9    10    10     343    (-,-) 
  csa_tree_mul_138_31_I8_g20810/Z        -       A->Z   F     IN_X1_9T_SG40RVT           1  2.0     7     8     351    (-,-) 
  csa_tree_mul_138_31_I8_g20808/Z        -       B->Z   R     ND2_X2_9T_SG40RVT          1  3.9     9     8     359    (-,-) 
  csa_tree_mul_138_31_I8_g20801/Z        -       B->Z   F     ND2_X4_9T_SG40RVT          6  8.0    13    13     371    (-,-) 
  csa_tree_add_138_46_I8_groupi_g12146/Z -       A->Z   R     XNR2_X1P5_9T_SG40RVT       2  3.3    11    34     405    (-,-) 
  csa_tree_add_138_46_I8_groupi_g11684/Z -       B->Z   F     NR2_X2_9T_SG40RVT          3  4.6    11    10     415    (-,-) 
  csa_tree_add_138_46_I8_groupi_g11446/Z -       A->Z   R     NR2_X1P5_9T_SG40RVT        1  1.7     9    10     425    (-,-) 
  csa_tree_add_138_46_I8_groupi_g11421/Z -       CLK->Z F     CKND2_X2_9T_SG40RVT        2  3.5    10    11     436    (-,-) 
  csa_tree_add_138_46_I8_groupi_g11409/Z -       CLK->Z R     CKIN_X1_9T_SG40RVT         1  4.0    10    10     446    (-,-) 
  csa_tree_add_138_46_I8_groupi_g11226/Z -       B->Z   F     ND3_X4_9T_SG40RVT          1 12.2    25    23     469    (-,-) 
  csa_tree_add_138_46_I8_groupi_g11218/Z -       A->Z   R     ND2_X12_9T_SG40RVT        19 23.8    13    12     481    (-,-) 
  csa_tree_add_138_46_I8_groupi_g11206/Z -       A1->Z  F     AOI21_X4_9T_SG40RVT        8  8.9    15    16     497    (-,-) 
  csa_tree_add_138_46_I8_groupi_g11127/Z -       A1->Z  R     OAI21_X1_9T_SG40RVT        1  1.4    14    15     512    (-,-) 
  csa_tree_add_138_46_I8_groupi_g11085/Z -       S->Z   R     MX2I_X1_9T_SG40RVT         1  0.8    14    22     534    (-,-) 
  stage_reg[94][46]/D                    <<<     -      R     DFFRPQ_X1_9T_SG40RVT       1    -     -     0     534    (-,-) 
#----------------------------------------------------------------------------------------------------------------------------

