============================================================
  Generated by:           Genus(TM) Synthesis Solution 23.13-s073_1
  Generated on:           Mar 19 2025  01:36:03 am
  Module:                 filter
  Operating conditions:   TT_1P00V_85C (balanced_tree)
  Wireload mode:          enclosed
  Area mode:              timing library
============================================================


Path 1: VIOLATED (-1745 ps) Late External Delay Assertion at pin y_out2[23]
          Group: clk
     Startpoint: (R) x_3k1_samples_reg[4][1]/CLK
          Clock: (R) clk
       Endpoint: (F) y_out2[23]
          Clock: (R) clk

                     Capture       Launch     
        Clock Edge:+       1            0     
       Src Latency:+       0            0     
       Net Latency:+       0 (I)        0 (I) 
           Arrival:=       1            0     
                                              
      Output Delay:-     100                  
     Required Time:=     -99                  
      Launch Clock:-       0                  
         Data Path:-    1646                  
             Slack:=   -1745                  

Exceptions/Constraints:
  output_delay             100             timing.sdc_line_7_254_1 

#--------------------------------------------------------------------------------------------------------------------------------------
#                  Timing Point                    Flags    Arc   Edge         Cell           Fanout Load Trans Delay Arrival Instance 
#                                                                                                    (fF)  (ps)  (ps)   (ps)  Location 
#--------------------------------------------------------------------------------------------------------------------------------------
  x_3k1_samples_reg[4][1]/CLK                      -       -      R     (arrival)               3392    -     0     0       0    (-,-) 
  x_3k1_samples_reg[4][1]/Q                        -       CLK->Q R     DFFRPQ_X4_9T_SG40RVT       4  6.3    17    58      58    (-,-) 
  add_181_29_I5_g3246/Z                            -       B->Z   F     NR2_X2_9T_SG40RVT          2  3.3    10    10      68    (-,-) 
  add_181_29_I5_g2932/Z                            -       A->Z   R     NR2_X2_9T_SG40RVT          1  2.1     8    10      78    (-,-) 
  add_181_29_I5_g2916/Z                            -       B->Z   F     NR2_X2_9T_SG40RVT          2  3.0     8     8      86    (-,-) 
  add_181_29_I5_g2884/Z                            -       B->Z   R     NR2_X1P5_9T_SG40RVT        1  2.1     8     9      94    (-,-) 
  add_181_29_I5_g2873/Z                            -       B->Z   F     NR2_X2_9T_SG40RVT          2  3.4    11     8     103    (-,-) 
  add_181_29_I5_g2847/Z                            -       B->Z   R     NR2_X2_9T_SG40RVT          1  4.0    12    11     114    (-,-) 
  add_181_29_I5_g2838/Z                            -       B->Z   F     NR2_X4_9T_SG40RVT          4 10.5    10    11     125    (-,-) 
  add_181_29_I5_g2837/Z                            -       A->Z   R     IN_X3_9T_SG40RVT           2  6.7     8     8     134    (-,-) 
  add_181_29_I5_g2836/Z                            -       CLK->Z F     CKIN_X2_9T_SG40RVT         1  1.8     5     6     139    (-,-) 
  add_181_29_I5_g2822/Z                            -       B->Z   R     NR2_X1P5_9T_SG40RVT        1  2.1     9     8     147    (-,-) 
  add_181_29_I5_g2815/Z                            -       B->Z   F     NR2_X2_9T_SG40RVT          2  4.2    10     9     156    (-,-) 
  add_181_29_I5_g2806/Z                            -       A->Z   R     IN_X2_9T_SG40RVT           1  1.9     6     6     162    (-,-) 
  add_181_29_I5_g2769/Z                            -       A2->Z  F     OAI22_X2_9T_SG40RVT        4  7.3    24    20     182    (-,-) 
  fopt910115/Z                                     -       A->Z   R     IN_X1P5_9T_SG40RVT         1  2.8    11     9     191    (-,-) 
  csa_tree_fac_cdnfadd_030_11/CO                   -       CI->CO R     FAR_X1_9T_SG40RVT          1  3.4    18    39     231    (-,-) 
  csa_tree_fac_cdnfadd_031_58/CO                   -       B->CO  R     FAR_X1_9T_SG40RVT          1  2.8    16    42     272    (-,-) 
  csa_tree_fac_cdnfadd_032_84/S                    -       CI->S  R     FAR_X1_9T_SG40RVT          1  3.4    17    51     323    (-,-) 
  csa_tree_fac_cdnfadd_032_113/S                   -       B->S   R     FAR_X1_9T_SG40RVT          1  3.4    17    51     374    (-,-) 
  csa_tree_fac_cdnfadd_032_129/CO                  -       B->CO  R     FAR_X1_9T_SG40RVT          1  3.4    18    43     417    (-,-) 
  csa_tree_fac_cdnfadd_033_133/S                   -       B->S   R     FAR_X1_9T_SG40RVT          1  3.5    17    51     468    (-,-) 
  csa_tree_fac_cdnfadd_033_140/S                   -       A->S   F     FA_X0P5_9T_SG40RVT         1  2.8    16    51     519    (-,-) 
  csa_tree_fac_cdnfadd_033_144/S                   -       CI->S  R     FA_X0P5_9T_SG40RVT         1  2.8    17    48     567    (-,-) 
  csa_tree_fac_cdnfadd_033_147/CO                  -       CI->CO R     FA_X1P5_9T_SG40RVT         1  2.8    14    37     604    (-,-) 
  csa_tree_fac_cdnfadd_034_142/S                   -       CI->S  F     FA_X0P5_9T_SG40RVT         1  2.8    16    49     653    (-,-) 
  csa_tree_fac_cdnfadd_034_143/S                   -       CI->S  F     FA_X0P5_9T_SG40RVT         1  2.8    16    49     702    (-,-) 
  csa_tree_fac_cdnfadd_034_144/S                   -       CI->S  F     FA_X0P5_9T_SG40RVT         1  2.8    16    49     752    (-,-) 
  csa_tree_fac1382_g27127/S                        -       CI->S  F     FA_X0P5_9T_SG40RVT         1  2.8    16    49     801    (-,-) 
  csa_tree_fac1382_g26981/S                        -       CI->S  F     FA_X0P5_9T_SG40RVT         1  2.8    16    49     851    (-,-) 
  csa_tree_fac1382_g26917/S                        -       CI->S  R     FAR_X1_9T_SG40RVT          2  4.1    18    52     903    (-,-) 
  csa_tree_fac1386_g8870/S                         -       CI->S  R     FAR_X1_9T_SG40RVT          1  2.8    16    50     953    (-,-) 
  csa_tree_fac1386_g8812/S                         -       CI->S  F     FA_X0P5_9T_SG40RVT         1  2.8    16    49    1003    (-,-) 
  csa_tree_fac1015_g8902/S                         -       CI->S  R     FAR_X1_9T_SG40RVT          1  2.8    16    50    1053    (-,-) 
  csa_tree_fac1015_g8851/S                         -       CI->S  F     FA_X0P5_9T_SG40RVT         1  2.8    16    49    1102    (-,-) 
  csa_tree_fac941_cdnfadd_034_0/S                  -       CI->S  F     FA_X0P5_9T_SG40RVT         1  2.8    16    50    1152    (-,-) 
  csa_tree_fac941_cdnfadd_034_1/S                  -       CI->S  F     FA_X0P5_9T_SG40RVT         1  2.8    16    50    1201    (-,-) 
  csa_tree_fac1016_g9108/S                         -       CI->S  F     FA_X0P5_9T_SG40RVT         1  2.8    16    49    1250    (-,-) 
  csa_tree_fac1016_g9076/S                         -       CI->S  R     FA_X1_9T_SG40RVT           1  1.2    13    47    1298    (-,-) 
  WALLACE_CSA_DUMMY_OP211_groupi_g5435/Z           -       A->Z   F     IN_X1_9T_SG40RVT           1  2.8     9     9    1307    (-,-) 
  WALLACE_CSA_DUMMY_OP211_groupi_cdnfadd_034_334/S -       CI->S  F     FA_X0P5_9T_SG40RVT         1  2.8    16    48    1355    (-,-) 
  WALLACE_CSA_DUMMY_OP211_groupi_cdnfadd_034_335/S -       CI->S  R     FAR_X1_9T_SG40RVT          1  2.8    16    50    1405    (-,-) 
  WALLACE_CSA_DUMMY_OP211_groupi_cdnfadd_034_336/S -       CI->S  F     FA_X0P5_9T_SG40RVT         1  2.8    16    49    1454    (-,-) 
  WALLACE_CSA_DUMMY_OP211_groupi_cdnfadd_034_337/S -       CI->S  R     FAR_X1_9T_SG40RVT          2  3.6    17    51    1505    (-,-) 
  WALLACE_CSA_DUMMY_OP211_groupi_g5079/Z           -       B->Z   F     ND2_X1P5_9T_SG40RVT        3  3.9    14    14    1520    (-,-) 
  WALLACE_CSA_DUMMY_OP211_groupi_g4988/Z           -       B->Z   R     OAI21_X1P5_9T_SG40RVT      1  1.9    11    10    1530    (-,-) 
  WALLACE_CSA_DUMMY_OP211_groupi_g4966/Z           -       A2->Z  F     AOI21_X2_9T_SG40RVT        2  3.1    12    14    1544    (-,-) 
  WALLACE_CSA_DUMMY_OP211_groupi_g4961/Z           -       A2->Z  R     OAI21_X2_9T_SG40RVT        2  3.9    14    14    1558    (-,-) 
  WALLACE_CSA_DUMMY_OP211_groupi_g4943/Z           -       A2->Z  F     OAI21_X1P5_9T_SG40RVT      1  1.9    12    13    1571    (-,-) 
  WALLACE_CSA_DUMMY_OP211_groupi_g4923/Z           -       A2->Z  R     OAI21_X2_9T_SG40RVT        1  4.0    15    15    1586    (-,-) 
  WALLACE_CSA_DUMMY_OP211_groupi_g4908/Z           -       C->Z   F     NR3_X4_9T_SG40RVT         13 12.3    16    15    1601    (-,-) 
  WALLACE_CSA_DUMMY_OP211_groupi_g4904/Z           -       B->Z   R     NR2_X0P7_9T_SG40RVT        2  2.8    16    16    1616    (-,-) 
  WALLACE_CSA_DUMMY_OP211_groupi_g4869/Z           -       A2->Z  F     AOI21_X1P5_9T_SG40RVT      2  2.0    11    14    1630    (-,-) 
  WALLACE_CSA_DUMMY_OP211_groupi_g4868/Z           -       A->Z   R     IN_X1_9T_SG40RVT           1  0.7     6     7    1637    (-,-) 
  WALLACE_CSA_DUMMY_OP211_groupi_g4853/Z           -       D1->Z  F     MX2I_X1_9T_SG40RVT         1  0.0    10     9    1646    (-,-) 
  y_out2[23]                                       <<<     -      F     (port)                     -    -     -     0    1646    (-,-) 
#--------------------------------------------------------------------------------------------------------------------------------------

